.=====================================================================.
                                                                       
  .d8888b.   .o8888b.  db  .d8888b.  d8888b. d88888b d8888b.  .d888b.  
 .8P    Y8. d8P    Y8  88 .8P    Y8. 88  `8D 88'     88  `8D .8P , Y8. 
 88      88 8P     .ooo88 88      88 88oooY' 88oooo  88oobY' 88  |  88 
 88      88 8b     `~~~88 88      88 88~~~b. 88~~~~  88`8b   88  |/ 88 
 `8b    d8' Y8b    d8  88 `8b    d8' 88   8D 88.     88 `88. `8b | d8' 
  `Y8888P'   `Y8888P'  YP  `Y8888P'  Y8888P' Y88888P 88   YD  `Y888P'  
                                                                       
`========================== INSTALLATION LOG ========================='

[2023/08/08 11:36:44] Host: Linux b49de3162b05 5.15.49-linuxkit-pr #1 SMP Thu May 25 07:17:40 UTC 2023 x86_64
[2023/08/08 11:36:44] PHP version: 8.2.8
[2023/08/08 11:36:44] Server software: nginx/1.18.0
[2023/08/08 11:36:44] Operating system: Linux
[2023/08/08 11:36:44] Memory limit: 128M
[2023/08/08 11:36:44] Max execution time: 3600
.============================ POST REQUEST ==========================.
[2023/08/08 11:36:51] Postback payload: Array
(
    [code] => phpVersion
    [handler] => onCheckRequirement
)

[2023/08/08 11:36:51] System check: phpVersion
[2023/08/08 11:36:51] Requirement phpVersion +OK
[2023/08/08 11:36:51] Execute handler [onCheckRequirement]
[2023/08/08 11:36:51] Array
(
    [result] => 1
)

.============================ POST REQUEST ==========================.
[2023/08/08 11:36:52] Postback payload: Array
(
    [code] => phpExtensions
    [handler] => onCheckRequirement
)

[2023/08/08 11:36:52] System check: phpExtensions
[2023/08/08 11:36:52] Requirement phpExtensions Array
(
)
 +OK
[2023/08/08 11:36:52] Execute handler [onCheckRequirement]
[2023/08/08 11:36:52] Array
(
    [result] => 1
    [subChecks] => Array
        (
        )

)

.============================ POST REQUEST ==========================.
[2023/08/08 11:36:52] Postback payload: Array
(
    [code] => liveConnection
    [handler] => onCheckRequirement
)

[2023/08/08 11:36:52] System check: liveConnection
[2023/08/08 11:36:54] Server request: ping
[2023/08/08 11:36:54] Request information: Array
(
    [url] => https://gateway.octobercms.com/api/ping
    [content_type] => application/json
    [http_code] => 200
    [header_size] => 1009
    [request_size] => 238
    [filetime] => -1
    [ssl_verify_result] => 0
    [redirect_count] => 0
    [total_time] => 1.480461
    [namelookup_time] => 0.634179
    [connect_time] => 0.833098
    [pretransfer_time] => 1.232399
    [size_upload] => 99
    [size_download] => 17
    [speed_download] => 11
    [speed_upload] => 66
    [download_content_length] => 17
    [upload_content_length] => 99
    [starttransfer_time] => 1.480413
    [redirect_time] => 0
    [redirect_url] => 
    [primary_ip] => 52.26.169.29
    [certinfo] => Array
        (
        )

    [primary_port] => 443
    [local_ip] => 172.29.0.3
    [local_port] => 35432
    [http_version] => 2
    [protocol] => 2
    [ssl_verifyresult] => 0
    [scheme] => HTTPS
    [appconnect_time_us] => 1232302
    [connect_time_us] => 833098
    [namelookup_time_us] => 634179
    [pretransfer_time_us] => 1232399
    [redirect_time_us] => 0
    [starttransfer_time_us] => 1480413
    [total_time_us] => 1480461
    [effective_method] => POST
)

[2023/08/08 11:36:54] Requirement liveConnection +OK
[2023/08/08 11:36:54] Execute handler [onCheckRequirement]
[2023/08/08 11:36:54] Array
(
    [result] => 1
)

.============================ POST REQUEST ==========================.
[2023/08/08 11:36:54] Postback payload: Array
(
    [code] => writePermission
    [handler] => onCheckRequirement
)

[2023/08/08 11:36:54] System check: writePermission
[2023/08/08 11:36:54] Requirement writePermission +OK
[2023/08/08 11:36:54] Execute handler [onCheckRequirement]
[2023/08/08 11:36:54] Array
(
    [result] => 1
)

